build/outputs/logs/manifest-merger-debug-report.txt
-- Merging decision tree log ---
manifest
ADDED from Portafolio\triage\AndroidManifest.xml:2:1-90:12
	package
		ADDED from Portafolio\triage\AndroidManifest.xml:3:5-33
	android:versionName
		ADDED from Portafolio\triage\AndroidManifest.xml:5:5-30
		INJECTED from Portafolio\triage\AndroidManifest.xml
		INJECTED from Portafolio\triage\AndroidManifest.xml
	android:versionCode
		ADDED from Portafolio\triage\AndroidManifest.xml:4:5-28
		INJECTED from Portafolio\triage\AndroidManifest.xml
		INJECTED from Portafolio\triage\AndroidManifest.xml
	xmlns:android
		ADDED from Portafolio\triage\AndroidManifest.xml:2:11-69
uses-sdk
ADDED from Portafolio\triage\AndroidManifest.xml:7:5-9:41
	android:targetSdkVersion
		ADDED from Portafolio\triage\AndroidManifest.xml:9:9-38
	android:minSdkVersion
		ADDED from Portafolio\triage\AndroidManifest.xml:8:9-35
application
ADDED from Portafolio\triage\AndroidManifest.xml:11:5-69:19
	android:label
		ADDED from Portafolio\triage\AndroidManifest.xml:14:9-41
	android:allowBackup
		ADDED from Portafolio\triage\AndroidManifest.xml:12:9-35
	android:icon
		ADDED from Portafolio\triage\AndroidManifest.xml:13:9-45
	android:theme
		ADDED from Portafolio\triage\AndroidManifest.xml:15:9-40
activity#com.example.triage.LoginActivity
ADDED from Portafolio\triage\AndroidManifest.xml:16:9-24:20
	android:label
		ADDED from Portafolio\triage\AndroidManifest.xml:18:13-57
	android:name
		ADDED from Portafolio\triage\AndroidManifest.xml:17:13-42
intent-filter#android.intent.action.MAIN+android.intent.category.LAUNCHER
ADDED from Portafolio\triage\AndroidManifest.xml:19:13-23:29
action#android.intent.action.MAIN
ADDED from Portafolio\triage\AndroidManifest.xml:20:17-69
	android:name
		ADDED from Portafolio\triage\AndroidManifest.xml:20:25-66
category#android.intent.category.LAUNCHER
ADDED from Portafolio\triage\AndroidManifest.xml:22:17-77
	android:name
		ADDED from Portafolio\triage\AndroidManifest.xml:22:27-74
activity#com.example.triage.MainActivity
ADDED from Portafolio\triage\AndroidManifest.xml:25:9-28:20
	android:label
		ADDED from Portafolio\triage\AndroidManifest.xml:27:13-45
	android:name
		ADDED from Portafolio\triage\AndroidManifest.xml:26:13-41
activity#com.example.triage.DislplayRecord
ADDED from Portafolio\triage\AndroidManifest.xml:29:9-32:20
	android:label
		ADDED from Portafolio\triage\AndroidManifest.xml:31:13-67
	android:name
		ADDED from Portafolio\triage\AndroidManifest.xml:30:13-43
activity#com.example.triage.PatientActivity
ADDED from Portafolio\triage\AndroidManifest.xml:33:9-36:20
	android:label
		ADDED from Portafolio\triage\AndroidManifest.xml:35:13-59
	android:name
		ADDED from Portafolio\triage\AndroidManifest.xml:34:13-44
activity#com.example.triage.UpdateVitalSignsActivity
ADDED from Portafolio\triage\AndroidManifest.xml:37:9-40:20
	android:label
		ADDED from Portafolio\triage\AndroidManifest.xml:39:13-70
	android:name
		ADDED from Portafolio\triage\AndroidManifest.xml:38:13-53
activity#com.example.triage.VisitRecordActivity
ADDED from Portafolio\triage\AndroidManifest.xml:41:9-44:20
	android:label
		ADDED from Portafolio\triage\AndroidManifest.xml:43:13-64
	android:name
		ADDED from Portafolio\triage\AndroidManifest.xml:42:13-48
activity#com.example.triage.NewPatient
ADDED from Portafolio\triage\AndroidManifest.xml:45:9-48:20
	android:label
		ADDED from Portafolio\triage\AndroidManifest.xml:47:13-63
	android:name
		ADDED from Portafolio\triage\AndroidManifest.xml:46:13-39
activity#com.example.triage.AddPatient
ADDED from Portafolio\triage\AndroidManifest.xml:49:9-52:20
	android:label
		ADDED from Portafolio\triage\AndroidManifest.xml:51:13-63
	android:name
		ADDED from Portafolio\triage\AndroidManifest.xml:50:13-39
activity#com.example.triage.SearchActivity
ADDED from Portafolio\triage\AndroidManifest.xml:53:9-56:20
	android:label
		ADDED from Portafolio\triage\AndroidManifest.xml:55:13-58
	android:name
		ADDED from Portafolio\triage\AndroidManifest.xml:54:13-43
activity#com.example.triage.PrescriptionsActivity
ADDED from Portafolio\triage\AndroidManifest.xml:57:9-60:20
	android:label
		ADDED from Portafolio\triage\AndroidManifest.xml:59:13-65
	android:name
		ADDED from Portafolio\triage\AndroidManifest.xml:58:13-50
activity#com.example.triage.WaitingListActivity
ADDED from Portafolio\triage\AndroidManifest.xml:61:9-64:20
	android:label
		ADDED from Portafolio\triage\AndroidManifest.xml:63:13-64
	android:name
		ADDED from Portafolio\triage\AndroidManifest.xml:62:13-48
activity#com.example.triage.SeenDoctorActivity
ADDED from Portafolio\triage\AndroidManifest.xml:65:9-68:20
	android:label
		ADDED from Portafolio\triage\AndroidManifest.xml:67:13-63
	android:name
		ADDED from Portafolio\triage\AndroidManifest.xml:66:13-47
uses-permission#android.permission.GET_ACCOUNTS
ADDED from Portafolio\triage\AndroidManifest.xml:72:5-71
	android:name
		ADDED from Portafolio\triage\AndroidManifest.xml:72:22-68
uses-permission#android.permission.READ_PROFILE
ADDED from Portafolio\triage\AndroidManifest.xml:73:5-71
	android:name
		ADDED from Portafolio\triage\AndroidManifest.xml:73:22-68
uses-permission#android.permission.READ_CONTACTS
ADDED from Portafolio\triage\AndroidManifest.xml:74:5-72
	android:name
		ADDED from Portafolio\triage\AndroidManifest.xml:74:22-69
uses-permission#android.permission.INTERNET
ADDED from Portafolio\triage\AndroidManifest.xml:76:5-67
	android:name
		ADDED from Portafolio\triage\AndroidManifest.xml:76:22-64
uses-permission#android.permission.USE_CREDENTIALS
ADDED from Portafolio\triage\AndroidManifest.xml:88:5-74
	android:name
		ADDED from Portafolio\triage\AndroidManifest.xml:88:22-71